2020-05-28 08:10:15,054 INFO PERFORMANCE:|0|0|-1|-1

2020-05-28 08:35:17,548 INFO PERFORMANCE:|0|0|-1|-1

2020-05-28 08:40:17,559 INFO PERFORMANCE:|0|0|-1|-1

2020-05-28 08:45:17,570 INFO PERFORMANCE:|0|0|-1|-1

2020-05-28 08:50:17,584 INFO PERFORMANCE:|0|0|-1|-1

2020-05-28 08:55:17,594 INFO PERFORMANCE:|0|0|-1|-1

2020-05-28 09:00:17,604 INFO PERFORMANCE:|0|0|-1|-1

2020-05-28 09:05:17,605 INFO PERFORMANCE:|0|0|-1|-1

2020-05-28 09:10:17,612 INFO PERFORMANCE:|0|0|-1|-1

2020-05-28 09:15:17,621 INFO PERFORMANCE:|0|0|-1|-1

2020-05-28 09:20:17,598 INFO PERFORMANCE:|0|0|-1|-1

2020-05-28 09:25:17,608 INFO PERFORMANCE:|0|0|-1|-1

2020-05-28 09:30:17,620 INFO PERFORMANCE:|0|0|-1|-1

2020-05-28 09:35:17,694 INFO PERFORMANCE:|0|0|-1|-1

2020-05-28 09:40:17,705 INFO PERFORMANCE:|0|0|-1|-1

2020-05-28 09:45:17,715 INFO PERFORMANCE:|0|0|-1|-1

2020-05-28 09:50:17,726 INFO PERFORMANCE:|0|0|-1|-1

2020-05-28 09:55:17,736 INFO PERFORMANCE:|0|0|-1|-1

2020-05-28 10:00:17,747 INFO PERFORMANCE:|0|0|-1|-1

2020-05-28 10:05:17,613 INFO PERFORMANCE:|0|0|-1|-1

2020-05-28 10:10:17,624 INFO PERFORMANCE:|0|0|-1|-1

2020-05-28 10:15:17,633 INFO PERFORMANCE:|0|0|-1|-1

2020-05-28 10:20:17,702 INFO PERFORMANCE:|0|0|-1|-1

2020-05-28 10:25:17,711 INFO PERFORMANCE:|0|0|-1|-1

2020-05-28 10:30:17,723 INFO PERFORMANCE:|0|0|-1|-1

2020-05-28 10:35:17,844 INFO PERFORMANCE:|0|0|-1|-1

2020-05-28 10:40:17,855 INFO PERFORMANCE:|0|0|-1|-1

2020-05-28 10:45:17,868 INFO PERFORMANCE:|0|0|-1|-1

2020-05-28 10:50:17,871 INFO PERFORMANCE:|0|0|-1|-1

2020-05-28 10:55:17,885 INFO PERFORMANCE:|0|0|-1|-1

2020-05-28 11:00:17,896 INFO PERFORMANCE:|0|0|-1|-1

2020-05-28 11:05:17,909 INFO PERFORMANCE:|0|0|-1|-1

2020-05-28 11:10:17,923 INFO PERFORMANCE:|0|0|-1|-1

2020-05-28 11:15:17,931 INFO PERFORMANCE:|0|0|-1|-1

2020-05-28 11:20:17,944 INFO PERFORMANCE:|0|0|-1|-1

2020-05-28 11:25:17,956 INFO PERFORMANCE:|0|0|-1|-1

2020-05-28 11:30:17,965 INFO PERFORMANCE:|0|0|-1|-1

2020-05-28 11:35:17,974 INFO PERFORMANCE:|0|0|-1|-1

2020-05-28 11:40:17,986 INFO PERFORMANCE:|0|0|-1|-1

2020-05-28 11:45:18,005 INFO PERFORMANCE:|0|0|-1|-1

2020-05-28 11:50:18,021 INFO PERFORMANCE:|0|0|-1|-1

2020-05-28 11:55:18,031 INFO PERFORMANCE:|0|0|-1|-1

2020-05-28 12:00:18,044 INFO PERFORMANCE:|0|0|-1|-1

2020-05-28 12:05:18,057 INFO PERFORMANCE:|0|0|-1|-1

2020-05-28 12:10:18,067 INFO PERFORMANCE:|0|0|-1|-1

2020-05-28 12:28:24,048 INFO PERFORMANCE:|0|0|-1|-1

2020-05-28 13:03:48,295 INFO PERFORMANCE:|0|0|-1|-1

2020-05-28 13:08:48,312 INFO PERFORMANCE:|0|0|-1|-1

2020-05-28 13:13:43,253 INFO PERFORMANCE:|0|0|-1|-1

2020-05-28 13:18:43,269 INFO PERFORMANCE:|0|0|-1|-1

2020-05-28 13:23:43,284 INFO PERFORMANCE:|0|0|-1|-1

2020-05-28 13:28:43,301 INFO PERFORMANCE:|0|0|-1|-1

2020-05-28 13:33:43,311 INFO PERFORMANCE:|0|0|-1|-1

2020-05-28 13:38:43,325 INFO PERFORMANCE:|0|0|-1|-1

2020-05-28 13:43:43,340 INFO PERFORMANCE:|1|0|-1|-1

2020-05-28 13:48:43,351 INFO PERFORMANCE:|1|0|-1|-1

2020-05-28 13:53:43,364 INFO PERFORMANCE:|2|2|-1|-1

2020-05-28 13:58:43,375 INFO PERFORMANCE:|2|2|-1|-1

2020-05-28 14:03:43,387 INFO PERFORMANCE:|2|2|-1|-1

2020-05-28 14:08:43,399 INFO PERFORMANCE:|2|2|-1|-1

2020-05-28 14:13:43,411 INFO PERFORMANCE:|2|2|-1|-1

2020-05-28 14:18:43,419 INFO PERFORMANCE:|2|0|-1|-1

